{"/home/larissa/i-got-you-backend/src/database/database.ts": {"path":"/home/larissa/i-got-you-backend/src/database/database.ts","statementMap":{"0":{"start":{"line":1,"column":0},"end":{"line":1,"column":32}},"1":{"start":{"line":3,"column":23},"end":{"line":3,"column":26}},"2":{"start":{"line":5,"column":15},"end":{"line":5,"column":33}},"3":{"start":{"line":7,"column":0},"end":{"line":7,"column":null}}},"fnMap":{},"branchMap":{},"s":{"0":1,"1":1,"2":1,"3":1},"f":{},"b":{}}
,"/home/larissa/i-got-you-backend/src/repositories/auth_repository.ts": {"path":"/home/larissa/i-got-you-backend/src/repositories/auth_repository.ts","statementMap":{"0":{"start":{"line":1,"column":0},"end":{"line":1,"column":41}},"1":{"start":{"line":7,"column":24},"end":{"line":9,"column":6}},"2":{"start":{"line":12,"column":4},"end":{"line":12,"column":null}},"3":{"start":{"line":6,"column":0},"end":{"line":6,"column":22}},"4":{"start":{"line":16,"column":17},"end":{"line":22,"column":6}},"5":{"start":{"line":23,"column":4},"end":{"line":23,"column":null}},"6":{"start":{"line":15,"column":0},"end":{"line":15,"column":22}}},"fnMap":{"0":{"name":"find_existing_email","decl":{"start":{"line":6,"column":22},"end":{"line":6,"column":41}},"loc":{"start":{"line":6,"column":54},"end":{"line":13,"column":null}}},"1":{"name":"create_new_user","decl":{"start":{"line":15,"column":22},"end":{"line":15,"column":37}},"loc":{"start":{"line":15,"column":101},"end":{"line":24,"column":null}}}},"branchMap":{},"s":{"0":1,"1":0,"2":0,"3":1,"4":0,"5":0,"6":1},"f":{"0":0,"1":0},"b":{}}
,"/home/larissa/i-got-you-backend/src/repositories/session_repository.ts": {"path":"/home/larissa/i-got-you-backend/src/repositories/session_repository.ts","statementMap":{"0":{"start":{"line":1,"column":0},"end":{"line":1,"column":41}},"1":{"start":{"line":4,"column":21},"end":{"line":10,"column":6}},"2":{"start":{"line":3,"column":0},"end":{"line":3,"column":22}},"3":{"start":{"line":14,"column":21},"end":{"line":19,"column":6}},"4":{"start":{"line":20,"column":4},"end":{"line":20,"column":null}},"5":{"start":{"line":13,"column":0},"end":{"line":13,"column":22}},"6":{"start":{"line":24,"column":21},"end":{"line":28,"column":6}},"7":{"start":{"line":29,"column":4},"end":{"line":29,"column":null}},"8":{"start":{"line":23,"column":0},"end":{"line":23,"column":22}}},"fnMap":{"0":{"name":"start_new_session","decl":{"start":{"line":3,"column":22},"end":{"line":3,"column":39}},"loc":{"start":{"line":3,"column":66},"end":{"line":11,"column":null}}},"1":{"name":"verify_valid_session","decl":{"start":{"line":13,"column":22},"end":{"line":13,"column":42}},"loc":{"start":{"line":13,"column":69},"end":{"line":21,"column":null}}},"2":{"name":"find_user_id","decl":{"start":{"line":23,"column":22},"end":{"line":23,"column":34}},"loc":{"start":{"line":23,"column":47},"end":{"line":30,"column":null}}}},"branchMap":{},"s":{"0":1,"1":0,"2":1,"3":0,"4":0,"5":1,"6":0,"7":0,"8":1},"f":{"0":0,"1":0,"2":0},"b":{}}
,"/home/larissa/i-got-you-backend/src/services/authServices.ts": {"path":"/home/larissa/i-got-you-backend/src/services/authServices.ts","statementMap":{"0":{"start":{"line":1,"column":0},"end":{"line":1,"column":66}},"1":{"start":{"line":2,"column":0},"end":{"line":2,"column":72}},"2":{"start":{"line":3,"column":0},"end":{"line":3,"column":27}},"3":{"start":{"line":4,"column":0},"end":{"line":4,"column":27}},"4":{"start":{"line":5,"column":0},"end":{"line":5,"column":30}},"5":{"start":{"line":6,"column":0},"end":{"line":6,"column":null}},"6":{"start":{"line":9,"column":4},"end":{"line":14,"column":null}},"7":{"start":{"line":10,"column":8},"end":{"line":13,"column":null}},"8":{"start":{"line":8,"column":0},"end":{"line":8,"column":22}},"9":{"start":{"line":18,"column":24},"end":{"line":18,"column":72}},"10":{"start":{"line":20,"column":4},"end":{"line":25,"column":null}},"11":{"start":{"line":21,"column":8},"end":{"line":24,"column":null}},"12":{"start":{"line":26,"column":4},"end":{"line":26,"column":null}},"13":{"start":{"line":17,"column":0},"end":{"line":17,"column":22}},"14":{"start":{"line":30,"column":26},"end":{"line":30,"column":55}},"15":{"start":{"line":32,"column":4},"end":{"line":32,"column":null}},"16":{"start":{"line":34,"column":4},"end":{"line":34,"column":null}},"17":{"start":{"line":29,"column":0},"end":{"line":29,"column":22}},"18":{"start":{"line":38,"column":24},"end":{"line":38,"column":72}},"19":{"start":{"line":40,"column":4},"end":{"line":40,"column":null}},"20":{"start":{"line":42,"column":4},"end":{"line":47,"column":null}},"21":{"start":{"line":43,"column":8},"end":{"line":46,"column":null}},"22":{"start":{"line":48,"column":4},"end":{"line":48,"column":null}},"23":{"start":{"line":37,"column":0},"end":{"line":37,"column":22}},"24":{"start":{"line":52,"column":17},"end":{"line":52,"column":65}},"25":{"start":{"line":56,"column":29},"end":{"line":56,"column":43}},"26":{"start":{"line":58,"column":4},"end":{"line":60,"column":null}},"27":{"start":{"line":59,"column":9},"end":{"line":59,"column":null}},"28":{"start":{"line":61,"column":4},"end":{"line":66,"column":null}},"29":{"start":{"line":62,"column":8},"end":{"line":65,"column":null}},"30":{"start":{"line":51,"column":0},"end":{"line":51,"column":22}},"31":{"start":{"line":72,"column":23},"end":{"line":72,"column":49}},"32":{"start":{"line":74,"column":4},"end":{"line":81,"column":null}},"33":{"start":{"line":75,"column":8},"end":{"line":80,"column":null}},"34":{"start":{"line":83,"column":4},"end":{"line":85,"column":null}},"35":{"start":{"line":84,"column":8},"end":{"line":84,"column":null}},"36":{"start":{"line":87,"column":4},"end":{"line":87,"column":null}},"37":{"start":{"line":69,"column":0},"end":{"line":69,"column":22}}},"fnMap":{"0":{"name":"verify_password","decl":{"start":{"line":8,"column":22},"end":{"line":8,"column":37}},"loc":{"start":{"line":8,"column":78},"end":{"line":15,"column":null}}},"1":{"name":"find_user_by_email","decl":{"start":{"line":17,"column":22},"end":{"line":17,"column":40}},"loc":{"start":{"line":17,"column":53},"end":{"line":27,"column":null}}},"2":{"name":"create_new_user","decl":{"start":{"line":29,"column":22},"end":{"line":29,"column":37}},"loc":{"start":{"line":29,"column":96},"end":{"line":35,"column":null}}},"3":{"name":"find_user_by_email_for_sign_in","decl":{"start":{"line":37,"column":22},"end":{"line":37,"column":52}},"loc":{"start":{"line":37,"column":65},"end":{"line":49,"column":null}}},"4":{"name":"is_password_correct","decl":{"start":{"line":51,"column":22},"end":{"line":51,"column":41}},"loc":{"start":{"line":51,"column":71},"end":{"line":67,"column":null}}},"5":{"name":"create_token","decl":{"start":{"line":69,"column":22},"end":{"line":69,"column":34}},"loc":{"start":{"line":69,"column":58},"end":{"line":88,"column":null}}}},"branchMap":{"0":{"loc":{"start":{"line":9,"column":4},"end":{"line":14,"column":null}},"type":"if","locations":[{"start":{"line":9,"column":4},"end":{"line":14,"column":null}}]},"1":{"loc":{"start":{"line":20,"column":4},"end":{"line":25,"column":null}},"type":"if","locations":[{"start":{"line":20,"column":4},"end":{"line":25,"column":null}}]},"2":{"loc":{"start":{"line":42,"column":4},"end":{"line":47,"column":null}},"type":"if","locations":[{"start":{"line":42,"column":4},"end":{"line":47,"column":null}}]},"3":{"loc":{"start":{"line":56,"column":29},"end":{"line":56,"column":43}},"type":"cond-expr","locations":[{"start":{"line":56,"column":33},"end":{"line":56,"column":35}},{"start":{"line":56,"column":29},"end":{"line":56,"column":43}}]},"4":{"loc":{"start":{"line":56,"column":29},"end":{"line":56,"column":35}},"type":"binary-expr","locations":[{"start":{"line":56,"column":29},"end":{"line":56,"column":35}},{"start":{"line":56,"column":29},"end":{"line":56,"column":35}}]},"5":{"loc":{"start":{"line":58,"column":4},"end":{"line":60,"column":null}},"type":"if","locations":[{"start":{"line":58,"column":4},"end":{"line":60,"column":null}}]},"6":{"loc":{"start":{"line":61,"column":4},"end":{"line":66,"column":null}},"type":"if","locations":[{"start":{"line":61,"column":4},"end":{"line":66,"column":null}}]},"7":{"loc":{"start":{"line":74,"column":4},"end":{"line":81,"column":null}},"type":"if","locations":[{"start":{"line":74,"column":4},"end":{"line":81,"column":null}}]},"8":{"loc":{"start":{"line":83,"column":4},"end":{"line":85,"column":null}},"type":"if","locations":[{"start":{"line":83,"column":4},"end":{"line":85,"column":null}}]}},"s":{"0":1,"1":1,"2":1,"3":1,"4":1,"5":1,"6":1,"7":0,"8":1,"9":0,"10":0,"11":0,"12":0,"13":1,"14":0,"15":0,"16":0,"17":1,"18":0,"19":0,"20":0,"21":0,"22":0,"23":1,"24":0,"25":0,"26":0,"27":0,"28":0,"29":0,"30":1,"31":0,"32":0,"33":0,"34":0,"35":0,"36":0,"37":1},"f":{"0":1,"1":0,"2":0,"3":0,"4":0,"5":0},"b":{"0":[0],"1":[0],"2":[0],"3":[0,0],"4":[0,0],"5":[0],"6":[0],"7":[0],"8":[0]}}
,"/home/larissa/i-got-you-backend/tests/factories/user_factory.ts": {"path":"/home/larissa/i-got-you-backend/tests/factories/user_factory.ts","statementMap":{"0":{"start":{"line":3,"column":4},"end":{"line":8,"column":null}},"1":{"start":{"line":1,"column":0},"end":{"line":1,"column":23}},"2":{"start":{"line":13,"column":4},"end":{"line":16,"column":null}},"3":{"start":{"line":11,"column":0},"end":{"line":11,"column":22}},"4":{"start":{"line":21,"column":4},"end":{"line":24,"column":null}},"5":{"start":{"line":19,"column":0},"end":{"line":19,"column":22}},"6":{"start":{"line":29,"column":4},"end":{"line":32,"column":null}},"7":{"start":{"line":27,"column":0},"end":{"line":27,"column":22}},"8":{"start":{"line":37,"column":4},"end":{"line":40,"column":null}},"9":{"start":{"line":35,"column":0},"end":{"line":35,"column":22}},"10":{"start":{"line":45,"column":4},"end":{"line":49,"column":null}},"11":{"start":{"line":43,"column":0},"end":{"line":43,"column":23}},"12":{"start":{"line":54,"column":4},"end":{"line":57,"column":null}},"13":{"start":{"line":52,"column":0},"end":{"line":52,"column":22}}},"fnMap":{"0":{"name":"fixed_user","decl":{"start":{"line":1,"column":23},"end":{"line":1,"column":33}},"loc":{"start":{"line":1,"column":33},"end":{"line":9,"column":null}}},"1":{"name":"user_login","decl":{"start":{"line":11,"column":22},"end":{"line":11,"column":32}},"loc":{"start":{"line":11,"column":32},"end":{"line":17,"column":null}}},"2":{"name":"user_login_wrong_password","decl":{"start":{"line":19,"column":22},"end":{"line":19,"column":47}},"loc":{"start":{"line":19,"column":47},"end":{"line":25,"column":null}}},"3":{"name":"user_login_wrong_email","decl":{"start":{"line":27,"column":22},"end":{"line":27,"column":44}},"loc":{"start":{"line":27,"column":44},"end":{"line":33,"column":null}}},"4":{"name":"user_login_empty","decl":{"start":{"line":35,"column":22},"end":{"line":35,"column":38}},"loc":{"start":{"line":35,"column":38},"end":{"line":41,"column":null}}},"5":{"name":"empty_logup_info","decl":{"start":{"line":43,"column":23},"end":{"line":43,"column":39}},"loc":{"start":{"line":43,"column":39},"end":{"line":50,"column":null}}},"6":{"name":"passwords","decl":{"start":{"line":52,"column":22},"end":{"line":52,"column":31}},"loc":{"start":{"line":52,"column":31},"end":{"line":58,"column":null}}}},"branchMap":{},"s":{"0":0,"1":1,"2":0,"3":1,"4":0,"5":1,"6":0,"7":1,"8":0,"9":1,"10":0,"11":1,"12":1,"13":1},"f":{"0":0,"1":0,"2":0,"3":0,"4":0,"5":0,"6":1},"b":{}}
}
