TN:
SF:src/database/database.ts
FNF:0
FNH:0
DA:1,1
DA:3,1
DA:5,1
DA:7,1
LF:4
LH:4
BRF:0
BRH:0
end_of_record
TN:
SF:src/repositories/auth_repository.ts
FN:6,find_existing_email
FN:15,create_new_user
FNF:2
FNH:0
FNDA:0,find_existing_email
FNDA:0,create_new_user
DA:1,1
DA:6,1
DA:7,0
DA:12,0
DA:15,1
DA:16,0
DA:23,0
LF:7
LH:3
BRF:0
BRH:0
end_of_record
TN:
SF:src/repositories/session_repository.ts
FN:3,start_new_session
FN:13,verify_valid_session
FN:23,find_user_id
FNF:3
FNH:0
FNDA:0,start_new_session
FNDA:0,verify_valid_session
FNDA:0,find_user_id
DA:1,1
DA:3,1
DA:4,0
DA:13,1
DA:14,0
DA:20,0
DA:23,1
DA:24,0
DA:29,0
LF:9
LH:4
BRF:0
BRH:0
end_of_record
TN:
SF:src/services/authServices.ts
FN:8,verify_password
FN:17,find_user_by_email
FN:29,create_new_user
FN:37,find_user_by_email_for_sign_in
FN:51,is_password_correct
FN:69,create_token
FNF:6
FNH:1
FNDA:1,verify_password
FNDA:0,find_user_by_email
FNDA:0,create_new_user
FNDA:0,find_user_by_email_for_sign_in
FNDA:0,is_password_correct
FNDA:0,create_token
DA:1,1
DA:2,1
DA:3,1
DA:4,1
DA:5,1
DA:6,1
DA:8,1
DA:9,1
DA:10,0
DA:17,1
DA:18,0
DA:20,0
DA:21,0
DA:26,0
DA:29,1
DA:30,0
DA:32,0
DA:34,0
DA:37,1
DA:38,0
DA:40,0
DA:42,0
DA:43,0
DA:48,0
DA:51,1
DA:52,0
DA:56,0
DA:58,0
DA:59,0
DA:61,0
DA:62,0
DA:69,1
DA:72,0
DA:74,0
DA:75,0
DA:83,0
DA:84,0
DA:87,0
LF:38
LH:13
BRDA:9,0,0,0
BRDA:20,1,0,0
BRDA:42,2,0,0
BRDA:56,3,0,0
BRDA:56,3,1,0
BRDA:56,4,0,0
BRDA:56,4,1,0
BRDA:58,5,0,0
BRDA:61,6,0,0
BRDA:74,7,0,0
BRDA:83,8,0,0
BRF:11
BRH:0
end_of_record
TN:
SF:tests/factories/user_factory.ts
FN:1,fixed_user
FN:11,user_login
FN:19,user_login_wrong_password
FN:27,user_login_wrong_email
FN:35,user_login_empty
FN:43,empty_logup_info
FN:52,passwords
FNF:7
FNH:1
FNDA:0,fixed_user
FNDA:0,user_login
FNDA:0,user_login_wrong_password
FNDA:0,user_login_wrong_email
FNDA:0,user_login_empty
FNDA:0,empty_logup_info
FNDA:1,passwords
DA:1,1
DA:3,0
DA:11,1
DA:13,0
DA:19,1
DA:21,0
DA:27,1
DA:29,0
DA:35,1
DA:37,0
DA:43,1
DA:45,0
DA:52,1
DA:54,1
LF:14
LH:8
BRF:0
BRH:0
end_of_record
